<?xml version="1.0" encoding="UTF-8"?>
<robot generator="Robot 3.1.2 (Python 3.7.7 on win32)" generated="20200820 11:02:16.440" rpa="false">
<suite id="s1" name="TestSuite1" source="C:\Users\beatriz.brusa\Desktop\Workspaces\eclipse\RobotProject1\test\TestSuite1.robot">
<kw name="Log" library="BuiltIn" type="setup">
<doc>Logs the given message with the given level.</doc>
<arguments>
<arg>I am inside the Test Suite Setup</arg>
</arguments>
<msg timestamp="20200820 11:02:16.639" level="INFO">I am inside the Test Suite Setup</msg>
<status status="PASS" starttime="20200820 11:02:16.639" endtime="20200820 11:02:16.639"></status>
</kw>
<test id="s1-t1" name="MyFirstTest">
<kw name="Log" library="BuiltIn" type="setup">
<doc>Logs the given message with the given level.</doc>
<arguments>
<arg>I am inside the Test Setup</arg>
</arguments>
<msg timestamp="20200820 11:02:16.640" level="INFO">I am inside the Test Setup</msg>
<status status="PASS" starttime="20200820 11:02:16.640" endtime="20200820 11:02:16.640"></status>
</kw>
<kw name="Log" library="BuiltIn">
<doc>Logs the given message with the given level.</doc>
<arguments>
<arg>Hello Word...</arg>
</arguments>
<msg timestamp="20200820 11:02:16.641" level="INFO">Hello Word...</msg>
<status status="PASS" starttime="20200820 11:02:16.641" endtime="20200820 11:02:16.641"></status>
</kw>
<kw name="Log" library="BuiltIn" type="teardown">
<doc>Logs the given message with the given level.</doc>
<arguments>
<arg>I am inside the Test Tearsdown</arg>
</arguments>
<msg timestamp="20200820 11:02:16.641" level="INFO">I am inside the Test Tearsdown</msg>
<status status="PASS" starttime="20200820 11:02:16.641" endtime="20200820 11:02:16.641"></status>
</kw>
<tags>
<tag>Smoke</tag>
</tags>
<status status="PASS" starttime="20200820 11:02:16.639" endtime="20200820 11:02:16.642" critical="yes"></status>
</test>
<test id="s1-t2" name="MySecondTest">
<kw name="Log" library="BuiltIn" type="setup">
<doc>Logs the given message with the given level.</doc>
<arguments>
<arg>I am inside the Test Setup</arg>
</arguments>
<msg timestamp="20200820 11:02:16.644" level="INFO">I am inside the Test Setup</msg>
<status status="PASS" starttime="20200820 11:02:16.643" endtime="20200820 11:02:16.644"></status>
</kw>
<kw name="Log" library="BuiltIn">
<doc>Logs the given message with the given level.</doc>
<arguments>
<arg>I am inside second test</arg>
</arguments>
<msg timestamp="20200820 11:02:16.644" level="INFO">I am inside second test</msg>
<status status="PASS" starttime="20200820 11:02:16.644" endtime="20200820 11:02:16.644"></status>
</kw>
<kw name="Log" library="BuiltIn" type="teardown">
<doc>Logs the given message with the given level.</doc>
<arguments>
<arg>I am inside the Test Tearsdown</arg>
</arguments>
<msg timestamp="20200820 11:02:16.645" level="INFO">I am inside the Test Tearsdown</msg>
<status status="PASS" starttime="20200820 11:02:16.645" endtime="20200820 11:02:16.645"></status>
</kw>
<tags>
<tag>Sanity</tag>
</tags>
<status status="PASS" starttime="20200820 11:02:16.643" endtime="20200820 11:02:16.645" critical="yes"></status>
</test>
<test id="s1-t3" name="MyThirdTest">
<kw name="Log" library="BuiltIn" type="setup">
<doc>Logs the given message with the given level.</doc>
<arguments>
<arg>I am inside the Test Setup</arg>
</arguments>
<msg timestamp="20200820 11:02:16.647" level="INFO">I am inside the Test Setup</msg>
<status status="PASS" starttime="20200820 11:02:16.647" endtime="20200820 11:02:16.647"></status>
</kw>
<kw name="Log" library="BuiltIn">
<doc>Logs the given message with the given level.</doc>
<arguments>
<arg>I am inside third test</arg>
</arguments>
<msg timestamp="20200820 11:02:16.649" level="INFO">I am inside third test</msg>
<status status="PASS" starttime="20200820 11:02:16.649" endtime="20200820 11:02:16.649"></status>
</kw>
<kw name="Log" library="BuiltIn" type="teardown">
<doc>Logs the given message with the given level.</doc>
<arguments>
<arg>I am inside the Test Tearsdown</arg>
</arguments>
<msg timestamp="20200820 11:02:16.650" level="INFO">I am inside the Test Tearsdown</msg>
<status status="PASS" starttime="20200820 11:02:16.649" endtime="20200820 11:02:16.650"></status>
</kw>
<tags>
<tag>Sanity</tag>
</tags>
<status status="PASS" starttime="20200820 11:02:16.646" endtime="20200820 11:02:16.650" critical="yes"></status>
</test>
<kw name="Log" library="BuiltIn" type="teardown">
<doc>Logs the given message with the given level.</doc>
<arguments>
<arg>I am inside the Test Suite Teardown</arg>
</arguments>
<msg timestamp="20200820 11:02:16.652" level="INFO">I am inside the Test Suite Teardown</msg>
<status status="PASS" starttime="20200820 11:02:16.652" endtime="20200820 11:02:16.653"></status>
</kw>
<metadata>
<item name="yFirstTest"></item>
</metadata>
<status status="PASS" starttime="20200820 11:02:16.442" endtime="20200820 11:02:16.653"></status>
</suite>
<statistics>
<total>
<stat pass="3" fail="0">Critical Tests</stat>
<stat pass="3" fail="0">All Tests</stat>
</total>
<tag>
<stat pass="2" fail="0">Sanity</stat>
<stat pass="1" fail="0">Smoke</stat>
</tag>
<suite>
<stat pass="3" fail="0" id="s1" name="TestSuite1">TestSuite1</stat>
</suite>
</statistics>
<errors>
</errors>
</robot>
